f:\personal\hookfunction\cpu\x64\release\cpu.pch
f:\personal\hookfunction\cpu\x64\release\vc143.pdb
f:\personal\hookfunction\cpu\x64\release\pch.obj
f:\personal\hookfunction\cpu\x64\release\dllmain.obj
f:\personal\eagle monitor\plugins\cpu\x64\release\cpu64.pch
f:\personal\eagle monitor\plugins\cpu\x64\release\vc143.pdb
f:\personal\eagle monitor\plugins\cpu\x64\release\pch.obj
f:\personal\eagle monitor\plugins\cpu\x64\release\dllmain.obj
f:\personal\hookfunction\x64\release\cpu.dll
f:\personal\hookfunction\x64\release\cpu.pdb
f:\personal\hookfunction\cpu\x64\release\cpu.iobj
f:\personal\eagle monitor\eagle monitor\bin\release\plugins\cpu64.dll
f:\personal\eagle monitor\eagle monitor\bin\release\plugins\cpu64.pdb
f:\personal\eagle monitor\plugins\cpu\x64\release\cpu64.iobj
f:\personal\hookfunction\x64\release\cpu.lib
f:\personal\hookfunction\x64\release\cpu.exp
f:\personal\eagle monitor\cpu.lib
f:\personal\eagle monitor\cpu.exp
f:\personal\eagle monitor\eagle monitor\bin\release\plugins\cpu.lib
f:\personal\eagle monitor\eagle monitor\bin\release\plugins\cpu.exp
f:\personal\eagle monitor\eagle monitor\bin\release\plugins\cpu64.dll\cpu.lib
f:\personal\eagle monitor\eagle monitor\bin\release\plugins\cpu64.dll\cpu.exp
f:\personal\eagle monitor\eagle monitor\bin\release\plugins\cpu64.lib
f:\personal\eagle monitor\eagle monitor\bin\release\plugins\cpu64.exp
f:\personal\eagle monitor\plugins\cpu\x64\release\cpu.ipdb
f:\personal\eagle monitor\plugins\cpu\x64\release\cpu64.ipdb
f:\personal\eagle monitor\plugins\cpu\x64\release\cpu.iobj
f:\personal\eagle monitor\plugins\cpu\x64\release\cpu.pch
f:\personal\eagle monitor\plugins\cpu\x64\release\cpu.tlog\cl.read.1.tlog
f:\personal\eagle monitor\plugins\cpu\x64\release\cpu.tlog\cl.write.1.tlog
f:\personal\eagle monitor\plugins\cpu\x64\release\cpu.tlog\cl.command.1.tlog
f:\personal\eagle monitor\plugins\cpu\x64\release\cpu.tlog\link.read.35.tlog
f:\personal\eagle monitor\plugins\cpu\x64\release\cpu.tlog\link.write.1.tlog
f:\personal\eagle monitor\plugins\cpu\x64\release\cpu.tlog\link.command.1.tlog
f:\personal\eagle monitor\plugins\cpu\x64\release\cpu.tlog\cpu.write.1u.tlog
