d:\личный\программирование\c#\eagle monitor reborn\remote access tool\plugins\cpu\release\cpu.pch
d:\личный\программирование\c#\eagle monitor reborn\remote access tool\plugins\cpu\release\vc143.pdb
d:\личный\программирование\c#\eagle monitor reborn\remote access tool\plugins\cpu\release\pch.obj
d:\личный\программирование\c#\eagle monitor reborn\remote access tool\plugins\cpu\release\dllmain.obj
f:\personal\eagle monitor\release\cpu.lib
f:\personal\eagle monitor\release\cpu.exp
f:\personal\eagle monitor\eagle monitor\bin\release\plugins\cpu.lib
f:\personal\eagle monitor\eagle monitor\bin\release\plugins\cpu.exp
d:\личный\программирование\c#\eagle monitor reborn\remote access tool\plugins\cpu\bin\release\cpu.lib
d:\личный\программирование\c#\eagle monitor reborn\remote access tool\plugins\cpu\bin\release\cpu.exp
d:\личный\программирование\c#\eagle monitor reborn\remote access tool\plugins\cpu\bin\release\cpu.dll
d:\личный\программирование\c#\eagle monitor reborn\remote access tool\plugins\cpu\release\cpu.iobj
d:\личный\программирование\c#\eagle monitor reborn\remote access tool\plugins\cpu\bin\release\cpu.pdb
d:\личный\программирование\c#\eagle monitor reborn\remote access tool\plugins\cpu\release\cpu.ipdb
d:\личный\программирование\c#\eagle monitor reborn\remote access tool\plugins\cpu\release\cpu.tlog\cl.command.1.tlog
d:\личный\программирование\c#\eagle monitor reborn\remote access tool\plugins\cpu\release\cpu.tlog\cl.read.1.tlog
d:\личный\программирование\c#\eagle monitor reborn\remote access tool\plugins\cpu\release\cpu.tlog\cl.write.1.tlog
d:\личный\программирование\c#\eagle monitor reborn\remote access tool\plugins\cpu\release\cpu.tlog\cpu.write.1u.tlog
d:\личный\программирование\c#\eagle monitor reborn\remote access tool\plugins\cpu\release\cpu.tlog\link.command.1.tlog
d:\личный\программирование\c#\eagle monitor reborn\remote access tool\plugins\cpu\release\cpu.tlog\link.read.1.tlog
d:\личный\программирование\c#\eagle monitor reborn\remote access tool\plugins\cpu\release\cpu.tlog\link.write.1.tlog
